<?xml version="1.0" encoding="UTF-8"?>
<testng-results skipped="0" failed="0" ignored="0" total="1" passed="1">
  <reporter-output>
  </reporter-output>
  <suite name="Suite" duration-ms="46" started-at="2018-07-03T09:30:48Z" finished-at="2018-07-03T09:30:48Z">
    <groups>
    </groups>
    <test name="Test" duration-ms="46" started-at="2018-07-03T09:30:48Z" finished-at="2018-07-03T09:30:48Z">
      <class name="com.chiselon.jenkins1.FirstTest">
        <test-method status="PASS" signature="m2()[pri:0, instance:com.chiselon.jenkins1.FirstTest@6b57696f]" name="m2" duration-ms="17" started-at="2018-07-03T15:00:48Z" finished-at="2018-07-03T15:00:48Z">
          <reporter-output>
          </reporter-output>
        </test-method> <!-- m2 -->
      </class> <!-- com.chiselon.jenkins1.FirstTest -->
    </test> <!-- Test -->
  </suite> <!-- Suite -->
</testng-results>
